*** Using Compiler 'V6.16', folder: 'C:\Keil_v5\ARM\ARMCLANG\Bin'
Build target 'mcuf_m4'
compiling Pointer.cpp...
compiling SerialPeripheral.cpp...
compiling Math.cpp...
compiling Integer.cpp...
compiling SystemComponent.cpp...
compiling Byte.cpp...
compiling System.cpp...
compiling PinDefine.cpp...
compiling ByteBuffer.cpp...
compiling Boolean.cpp...
compiling MemoryManager.cpp...
compiling GlobalStack.cpp...
compiling Object.cpp...
compiling HeapMemory.cpp...
compiling Memory.cpp...
compiling UnsignedInteger.cpp...
compiling UnsignedByte.cpp...
compiling Number.cpp...
compiling Long.cpp...
compiling UnsignedLong.cpp...
compiling Short.cpp...
compiling UnsignedShort.cpp...
compiling AlignedStack.cpp...
compiling Executor.cpp...
compiling HeapBlockPool.cpp...
compiling BlockPool.cpp...
compiling HeapVectorBlockPool.cpp...
compiling TimerTask.cpp...
compiling Stack.cpp...
compiling TimerSchedulerSemulator.cpp...
compiling VectorBlockPool.cpp...
creating Library...
After Build - User command #1: .keil\copy.bat mcuf_m4.lib

c:\Users\Danny\Documents\GitHub\mcuf>cd c:\Users\Danny\Documents\GitHub\mcuf\.keil\ 

c:\Users\Danny\Documents\GitHub\mcuf\.keil>SET GenFolder=..\target\ 

c:\Users\Danny\Documents\GitHub\mcuf\.keil>if not exist ..\target\ (md ..\target ) 

c:\Users\Danny\Documents\GitHub\mcuf\.keil>copy .\Objects\mcuf_m4.lib ..\target\mcuf_m4.lib /y 
複製了         1 個檔案。
".\.keil\Objects\mcuf_m4.lib" - 0 Error(s), 0 Warning(s).
Build Time Elapsed:  00:00:03
